Using pre-set license
Built from '2020.2/release' branch; Version is '2020.2.1f1 (270dd8c3da1c) revision 2559448'; Using compiler version '192528614'; Build Type 'Release'
OS: 'Windows 10  (10.0.0) 64bit' Language: 'en' Physical Memory: 32717 MB
BatchMode: 1, IsHumanControllingUs: 0, StartBugReporterOnCrash: 0, Is64bit: 1, IsPro: 0

 COMMAND LINE ARGUMENTS:
C:\Program Files\Engines\Unity Versions\2020.2.1f1\Editor\Unity.exe
-adb2
-batchMode
-noUpm
-name
AssetImportWorker0
-projectPath
D:/GitRepos/RPGCore/RPGCore
-logFile
Logs/AssetImportWorker0.log
-srvPort
60039
Successfully changed project path to: D:/GitRepos/RPGCore/RPGCore
D:/GitRepos/RPGCore/RPGCore
Using Asset Import Pipeline V2.
Refreshing native plugins compatible for Editor in 37.96 ms, found 0 plugins.
Preloading 0 native plugins for Editor in 0.00 ms.
Initialize engine version: 2020.2.1f1 (270dd8c3da1c)
[Subsystems] Discovering subsystems at path C:/Program Files/Engines/Unity Versions/2020.2.1f1/Editor/Data/Resources/UnitySubsystems
[Subsystems] Discovering subsystems at path D:/GitRepos/RPGCore/RPGCore/Assets
GfxDevice: creating device client; threaded=0
Direct3D:
    Version:  Direct3D 11.0 [level 11.1]
    Renderer: NVIDIA GeForce RTX 2080 SUPER (ID=0x1e81)
    Vendor:   
    VRAM:     8010 MB
    Driver:   27.21.14.6109
Initialize mono
Mono path[0] = 'C:/Program Files/Engines/Unity Versions/2020.2.1f1/Editor/Data/Managed'
Mono path[1] = 'C:/Program Files/Engines/Unity Versions/2020.2.1f1/Editor/Data/MonoBleedingEdge/lib/mono/unityjit'
Mono config path = 'C:/Program Files/Engines/Unity Versions/2020.2.1f1/Editor/Data/MonoBleedingEdge/etc'
Using monoOptions --debugger-agent=transport=dt_socket,embedding=1,server=y,suspend=n,address=127.0.0.1:56812
Begin MonoManager ReloadAssembly
Registering precompiled unity dll's ...
Register platform support module: C:/Program Files/Engines/Unity Versions/2020.2.1f1/Editor/Data/PlaybackEngines/WindowsStandaloneSupport/UnityEditor.WindowsStandalone.Extensions.dll
Registered in 0.001379 seconds.
Native extension for WindowsStandalone target not found
Refreshing native plugins compatible for Editor in 37.76 ms, found 0 plugins.
Preloading 0 native plugins for Editor in 0.00 ms.
Invoked RoslynAnalysisRunner static constructor.
RoslynAnalysisRunner will not be running.
RoslynAnalysisRunner has terminated.
Mono: successfully reloaded assembly
- Completed reload, in  2.431 seconds
Platform modules already initialized, skipping
Registering precompiled user dll's ...
Registered in 0.000676 seconds.
Begin MonoManager ReloadAssembly
Native extension for WindowsStandalone target not found
Refreshing native plugins compatible for Editor in 37.65 ms, found 0 plugins.
Preloading 0 native plugins for Editor in 0.00 ms.
Invoked RoslynAnalysisRunner static constructor.
RoslynAnalysisRunner will not be running.
RoslynAnalysisRunner has terminated.
Mono: successfully reloaded assembly
- Completed reload, in  0.753 seconds
Platform modules already initialized, skipping
========================================================================
Worker process is ready to serve import requests
Shader 'Universal Render Pipeline/Particles/Lit': fallback shader 'Universal Render Pipeline/Particles/SimpleLit' not found
Shader 'Universal Render Pipeline/Particles/Lit': fallback shader 'Universal Render Pipeline/Particles/SimpleLit' not found
Launched and connected shader compiler UnityShaderCompiler.exe after 0.06 seconds
Refreshing native plugins compatible for Editor in 0.46 ms, found 0 plugins.
Preloading 0 native plugins for Editor in 0.00 ms.
Unloading 2394 Unused Serialized files (Serialized files now loaded: 0)
System memory in use before: 111.9 MB.
System memory in use after: 109.8 MB.

Unloading 45 unused Assets to reduce memory usage. Loaded Objects now: 2801.
Total: 3.120000 ms (FindLiveObjects: 0.270100 ms CreateObjectMapping: 0.057300 ms MarkObjects: 1.605200 ms  DeleteObjects: 1.186500 ms)

========================================================================
Received Import Request.
  path: Assets/Scripts/Core/Core.asmdef
  artifactKey: Guid(b529b1b1e2bc7d3458da2acfb9dbc8f9) Importer(815301076,1909f56bfc062723c751e8b465ee728b)
Start importing Assets/Scripts/Core/Core.asmdef using Guid(b529b1b1e2bc7d3458da2acfb9dbc8f9) Importer(815301076,1909f56bfc062723c751e8b465ee728b)  -> (artifact id: 'a83414cd4df476972cfb0131cbdaa499') in 0.022937 seconds
  Import took 0.027791 seconds .

========================================================================
Received Import Request.
  Time since last request: 112.958237 seconds.
  path: Assets/Scripts/Core/Inventory/Inventory.asmdef
  artifactKey: Guid(340b4ce44f404d748b1a74c7d1289eec) Importer(815301076,1909f56bfc062723c751e8b465ee728b)
Start importing Assets/Scripts/Core/Inventory/Inventory.asmdef using Guid(340b4ce44f404d748b1a74c7d1289eec) Importer(815301076,1909f56bfc062723c751e8b465ee728b)  -> (artifact id: 'c3a3da144032aa86b2dfcdf58312e137') in 0.006173 seconds
  Import took 0.010789 seconds .

========================================================================
Received Import Request.
  Time since last request: 0.003626 seconds.
  path: Assets/Scripts/Core/Inventory/Inventory.asmdef
  artifactKey: Guid(340b4ce44f404d748b1a74c7d1289eec) Importer(815301076,1909f56bfc062723c751e8b465ee728b)
Start importing Assets/Scripts/Core/Inventory/Inventory.asmdef using Guid(340b4ce44f404d748b1a74c7d1289eec) Importer(815301076,1909f56bfc062723c751e8b465ee728b)  -> (artifact id: 'c3a3da144032aa86b2dfcdf58312e137') in 0.002235 seconds
  Import took 0.006387 seconds .

========================================================================
Received Prepare
Registering precompiled user dll's ...
Registered in 0.000902 seconds.
Begin MonoManager ReloadAssembly
Native extension for WindowsStandalone target not found
Refreshing native plugins compatible for Editor in 0.57 ms, found 0 plugins.
Preloading 0 native plugins for Editor in 0.00 ms.
Invoked RoslynAnalysisRunner static constructor.
RoslynAnalysisRunner will not be running.
RoslynAnalysisRunner has terminated.
Mono: successfully reloaded assembly
- Completed reload, in  0.688 seconds
Platform modules already initialized, skipping
Shader 'Universal Render Pipeline/Particles/Lit': fallback shader 'Universal Render Pipeline/Particles/SimpleLit' not found
Shader 'Universal Render Pipeline/Particles/Lit': fallback shader 'Universal Render Pipeline/Particles/SimpleLit' not found
Refreshing native plugins compatible for Editor in 0.51 ms, found 0 plugins.
Preloading 0 native plugins for Editor in 0.00 ms.
Unloading 2319 Unused Serialized files (Serialized files now loaded: 0)
System memory in use before: 108.8 MB.
System memory in use after: 106.7 MB.

Unloading 40 unused Assets to reduce memory usage. Loaded Objects now: 2803.
Total: 3.217800 ms (FindLiveObjects: 0.264100 ms CreateObjectMapping: 0.054100 ms MarkObjects: 1.504400 ms  DeleteObjects: 1.394300 ms)

========================================================================
Received Import Request.
  Time since last request: 260.099650 seconds.
  path: Assets/Scripts/Core/Inventory/Interfaces/Inventory.asmdef
  artifactKey: Guid(12bd504dc4aa19c45b3fdf9946fec314) Importer(815301076,1909f56bfc062723c751e8b465ee728b)
Start importing Assets/Scripts/Core/Inventory/Interfaces/Inventory.asmdef using Guid(12bd504dc4aa19c45b3fdf9946fec314) Importer(815301076,1909f56bfc062723c751e8b465ee728b)  -> (artifact id: '20471b33a8d5aed2759a54942cd1d602') in 0.005339 seconds
  Import took 0.009200 seconds .

========================================================================
Received Import Request.
  Time since last request: 0.023760 seconds.
  path: Assets/Scripts/Core/Inventory/Interfaces/Inventory.asmdef
  artifactKey: Guid(12bd504dc4aa19c45b3fdf9946fec314) Importer(815301076,1909f56bfc062723c751e8b465ee728b)
Start importing Assets/Scripts/Core/Inventory/Interfaces/Inventory.asmdef using Guid(12bd504dc4aa19c45b3fdf9946fec314) Importer(815301076,1909f56bfc062723c751e8b465ee728b)  -> (artifact id: '20471b33a8d5aed2759a54942cd1d602') in 0.002098 seconds
  Import took 0.005635 seconds .

========================================================================
Received Prepare
Registering precompiled user dll's ...
Registered in 0.000922 seconds.
Begin MonoManager ReloadAssembly
Native extension for WindowsStandalone target not found
Refreshing native plugins compatible for Editor in 0.58 ms, found 0 plugins.
Preloading 0 native plugins for Editor in 0.00 ms.
Invoked RoslynAnalysisRunner static constructor.
RoslynAnalysisRunner will not be running.
RoslynAnalysisRunner has terminated.
Mono: successfully reloaded assembly
- Completed reload, in  0.675 seconds
Platform modules already initialized, skipping
Shader 'Universal Render Pipeline/Particles/Lit': fallback shader 'Universal Render Pipeline/Particles/SimpleLit' not found
Shader 'Universal Render Pipeline/Particles/Lit': fallback shader 'Universal Render Pipeline/Particles/SimpleLit' not found
Refreshing native plugins compatible for Editor in 0.48 ms, found 0 plugins.
Preloading 0 native plugins for Editor in 0.00 ms.
Unloading 2319 Unused Serialized files (Serialized files now loaded: 0)
System memory in use before: 109.8 MB.
System memory in use after: 107.8 MB.

Unloading 40 unused Assets to reduce memory usage. Loaded Objects now: 2805.
Total: 3.433900 ms (FindLiveObjects: 0.299300 ms CreateObjectMapping: 0.053900 ms MarkObjects: 1.822800 ms  DeleteObjects: 1.256900 ms)

========================================================================
Received Import Request.
  Time since last request: 41.700199 seconds.
  path: Assets/Scripts/Core/Inventory/Interfaces/InventoryInterfaces.asmdef
  artifactKey: Guid(5bd06e122cb36b04fa2b2fff7fd640b6) Importer(815301076,1909f56bfc062723c751e8b465ee728b)
Start importing Assets/Scripts/Core/Inventory/Interfaces/InventoryInterfaces.asmdef using Guid(5bd06e122cb36b04fa2b2fff7fd640b6) Importer(815301076,1909f56bfc062723c751e8b465ee728b)  -> (artifact id: '01218b7d0798d8fb3914eb3673b39025') in 0.008670 seconds
  Import took 0.012788 seconds .

========================================================================
Received Import Request.
  Time since last request: 0.016061 seconds.
  path: Assets/Scripts/Core/Inventory/Interfaces/InventoryInterfaces.asmdef
  artifactKey: Guid(5bd06e122cb36b04fa2b2fff7fd640b6) Importer(815301076,1909f56bfc062723c751e8b465ee728b)
Start importing Assets/Scripts/Core/Inventory/Interfaces/InventoryInterfaces.asmdef using Guid(5bd06e122cb36b04fa2b2fff7fd640b6) Importer(815301076,1909f56bfc062723c751e8b465ee728b)  -> (artifact id: '01218b7d0798d8fb3914eb3673b39025') in 0.002122 seconds
  Import took 0.005909 seconds .

========================================================================
Received Prepare
Registering precompiled user dll's ...
Registered in 0.000956 seconds.
Begin MonoManager ReloadAssembly
Native extension for WindowsStandalone target not found
Refreshing native plugins compatible for Editor in 0.48 ms, found 0 plugins.
Preloading 0 native plugins for Editor in 0.00 ms.
Invoked RoslynAnalysisRunner static constructor.
RoslynAnalysisRunner will not be running.
RoslynAnalysisRunner has terminated.
Mono: successfully reloaded assembly
- Completed reload, in  0.675 seconds
Platform modules already initialized, skipping
Shader 'Universal Render Pipeline/Particles/Lit': fallback shader 'Universal Render Pipeline/Particles/SimpleLit' not found
Shader 'Universal Render Pipeline/Particles/Lit': fallback shader 'Universal Render Pipeline/Particles/SimpleLit' not found
Refreshing native plugins compatible for Editor in 0.48 ms, found 0 plugins.
Preloading 0 native plugins for Editor in 0.00 ms.
Unloading 2319 Unused Serialized files (Serialized files now loaded: 0)
System memory in use before: 109.8 MB.
System memory in use after: 107.8 MB.

Unloading 40 unused Assets to reduce memory usage. Loaded Objects now: 2807.
Total: 4.196500 ms (FindLiveObjects: 0.303300 ms CreateObjectMapping: 0.055300 ms MarkObjects: 2.378300 ms  DeleteObjects: 1.458300 ms)

========================================================================
Received Import Request.
  Time since last request: 15.854940 seconds.
  path: Assets/Scripts/Core/Inventory/Data
  artifactKey: Guid(f24747349daf2df4db7c47ac45b6b6ea) Importer(815301076,1909f56bfc062723c751e8b465ee728b)
Start importing Assets/Scripts/Core/Inventory/Data using Guid(f24747349daf2df4db7c47ac45b6b6ea) Importer(815301076,1909f56bfc062723c751e8b465ee728b)  -> (artifact id: '33a4c6ddf2ced1d645ddcd60b8869455') in 0.008735 seconds
  Import took 0.012981 seconds .

========================================================================
Received Import Request.
  Time since last request: 8.163071 seconds.
  path: Assets/Scripts/Core/Inventory/Displays
  artifactKey: Guid(ffa297859fe52f444918d8baf0ec64ca) Importer(815301076,1909f56bfc062723c751e8b465ee728b)
Start importing Assets/Scripts/Core/Inventory/Displays using Guid(ffa297859fe52f444918d8baf0ec64ca) Importer(815301076,1909f56bfc062723c751e8b465ee728b)  -> (artifact id: '64127b54590b2faf49be3cf41d9a1b54') in 0.005349 seconds
  Import took 0.009048 seconds .

========================================================================
Received Import Request.
  Time since last request: 11.969931 seconds.
  path: Assets/Scripts/Core/Inventory/Data/InventoryData.asmdef
  artifactKey: Guid(1b73738509d538645873ba61c8834f9c) Importer(815301076,1909f56bfc062723c751e8b465ee728b)
Start importing Assets/Scripts/Core/Inventory/Data/InventoryData.asmdef using Guid(1b73738509d538645873ba61c8834f9c) Importer(815301076,1909f56bfc062723c751e8b465ee728b)  -> (artifact id: '7ae53a4897f8bc4940bb3627aa7e6b18') in 0.005580 seconds
  Import took 0.010451 seconds .

========================================================================
Received Import Request.
  Time since last request: 0.013103 seconds.
  path: Assets/Scripts/Core/Inventory/Data/InventoryData.asmdef
  artifactKey: Guid(1b73738509d538645873ba61c8834f9c) Importer(815301076,1909f56bfc062723c751e8b465ee728b)
Start importing Assets/Scripts/Core/Inventory/Data/InventoryData.asmdef using Guid(1b73738509d538645873ba61c8834f9c) Importer(815301076,1909f56bfc062723c751e8b465ee728b)  -> (artifact id: '7ae53a4897f8bc4940bb3627aa7e6b18') in 0.002105 seconds
  Import took 0.006343 seconds .

========================================================================
Received Prepare
Registering precompiled user dll's ...
Registered in 0.000925 seconds.
Begin MonoManager ReloadAssembly
Native extension for WindowsStandalone target not found
Refreshing native plugins compatible for Editor in 0.43 ms, found 0 plugins.
Preloading 0 native plugins for Editor in 0.00 ms.
Invoked RoslynAnalysisRunner static constructor.
RoslynAnalysisRunner will not be running.
RoslynAnalysisRunner has terminated.
Mono: successfully reloaded assembly
- Completed reload, in  0.661 seconds
Platform modules already initialized, skipping
Shader 'Universal Render Pipeline/Particles/Lit': fallback shader 'Universal Render Pipeline/Particles/SimpleLit' not found
Shader 'Universal Render Pipeline/Particles/Lit': fallback shader 'Universal Render Pipeline/Particles/SimpleLit' not found
Refreshing native plugins compatible for Editor in 0.43 ms, found 0 plugins.
Preloading 0 native plugins for Editor in 0.00 ms.
Unloading 2319 Unused Serialized files (Serialized files now loaded: 0)
System memory in use before: 109.9 MB.
System memory in use after: 107.8 MB.

Unloading 40 unused Assets to reduce memory usage. Loaded Objects now: 2809.
Total: 4.179800 ms (FindLiveObjects: 0.322800 ms CreateObjectMapping: 0.056900 ms MarkObjects: 2.404000 ms  DeleteObjects: 1.394900 ms)

========================================================================
Received Import Request.
  Time since last request: 10.550803 seconds.
  path: Assets/Scripts/Core/Inventory/Displays/InventoryDisplays.asmdef
  artifactKey: Guid(684a5fd2156e48d40a446876fa5990f7) Importer(815301076,1909f56bfc062723c751e8b465ee728b)
Start importing Assets/Scripts/Core/Inventory/Displays/InventoryDisplays.asmdef using Guid(684a5fd2156e48d40a446876fa5990f7) Importer(815301076,1909f56bfc062723c751e8b465ee728b)  -> (artifact id: 'ab7b3c3e76d7636cf9972a30d6f507fc') in 0.008730 seconds
  Import took 0.012644 seconds .

========================================================================
Received Import Request.
  Time since last request: 0.025052 seconds.
  path: Assets/Scripts/Core/Inventory/Displays/InventoryDisplays.asmdef
  artifactKey: Guid(684a5fd2156e48d40a446876fa5990f7) Importer(815301076,1909f56bfc062723c751e8b465ee728b)
Start importing Assets/Scripts/Core/Inventory/Displays/InventoryDisplays.asmdef using Guid(684a5fd2156e48d40a446876fa5990f7) Importer(815301076,1909f56bfc062723c751e8b465ee728b)  -> (artifact id: 'ab7b3c3e76d7636cf9972a30d6f507fc') in 0.002422 seconds
  Import took 0.019333 seconds .

========================================================================
Received Prepare
Registering precompiled user dll's ...
Registered in 0.000928 seconds.
Begin MonoManager ReloadAssembly
Native extension for WindowsStandalone target not found
Refreshing native plugins compatible for Editor in 0.48 ms, found 0 plugins.
Preloading 0 native plugins for Editor in 0.00 ms.
Invoked RoslynAnalysisRunner static constructor.
RoslynAnalysisRunner will not be running.
RoslynAnalysisRunner has terminated.
Mono: successfully reloaded assembly
- Completed reload, in  0.673 seconds
Platform modules already initialized, skipping
Shader 'Universal Render Pipeline/Particles/Lit': fallback shader 'Universal Render Pipeline/Particles/SimpleLit' not found
Shader 'Universal Render Pipeline/Particles/Lit': fallback shader 'Universal Render Pipeline/Particles/SimpleLit' not found
Refreshing native plugins compatible for Editor in 0.54 ms, found 0 plugins.
Preloading 0 native plugins for Editor in 0.00 ms.
Unloading 2319 Unused Serialized files (Serialized files now loaded: 0)
System memory in use before: 109.8 MB.
System memory in use after: 107.7 MB.

Unloading 40 unused Assets to reduce memory usage. Loaded Objects now: 2811.
Total: 4.377600 ms (FindLiveObjects: 0.312200 ms CreateObjectMapping: 0.061600 ms MarkObjects: 2.520900 ms  DeleteObjects: 1.482000 ms)

========================================================================
Received Prepare
Registering precompiled user dll's ...
Registered in 0.000984 seconds.
Begin MonoManager ReloadAssembly
Native extension for WindowsStandalone target not found
Refreshing native plugins compatible for Editor in 0.48 ms, found 0 plugins.
Preloading 0 native plugins for Editor in 0.00 ms.
Invoked RoslynAnalysisRunner static constructor.
RoslynAnalysisRunner will not be running.
RoslynAnalysisRunner has terminated.
Mono: successfully reloaded assembly
- Completed reload, in  0.668 seconds
Platform modules already initialized, skipping
Shader 'Universal Render Pipeline/Particles/Lit': fallback shader 'Universal Render Pipeline/Particles/SimpleLit' not found
Shader 'Universal Render Pipeline/Particles/Lit': fallback shader 'Universal Render Pipeline/Particles/SimpleLit' not found
Refreshing native plugins compatible for Editor in 0.47 ms, found 0 plugins.
Preloading 0 native plugins for Editor in 0.00 ms.
Unloading 2319 Unused Serialized files (Serialized files now loaded: 0)
System memory in use before: 109.9 MB.
System memory in use after: 107.8 MB.

Unloading 40 unused Assets to reduce memory usage. Loaded Objects now: 2813.
Total: 3.953700 ms (FindLiveObjects: 0.314800 ms CreateObjectMapping: 0.062800 ms MarkObjects: 2.154200 ms  DeleteObjects: 1.420600 ms)

========================================================================
Received Import Request.
  Time since last request: 398.538969 seconds.
  path: Assets/Scripts/Core/Inventory/Data/InventoryData.asmdef
  artifactKey: Guid(1b73738509d538645873ba61c8834f9c) Importer(815301076,1909f56bfc062723c751e8b465ee728b)
Start importing Assets/Scripts/Core/Inventory/Data/InventoryData.asmdef using Guid(1b73738509d538645873ba61c8834f9c) Importer(815301076,1909f56bfc062723c751e8b465ee728b)  -> (artifact id: '0a7831b9e0af75e306a7649dd32c3931') in 0.005341 seconds
  Import took 0.009363 seconds .

========================================================================
Received Prepare
Registering precompiled user dll's ...
Registered in 0.000926 seconds.
Begin MonoManager ReloadAssembly
Native extension for WindowsStandalone target not found
Refreshing native plugins compatible for Editor in 0.48 ms, found 0 plugins.
Preloading 0 native plugins for Editor in 0.00 ms.
Invoked RoslynAnalysisRunner static constructor.
RoslynAnalysisRunner will not be running.
RoslynAnalysisRunner has terminated.
Mono: successfully reloaded assembly
- Completed reload, in  0.684 seconds
Platform modules already initialized, skipping
Shader 'Universal Render Pipeline/Particles/Lit': fallback shader 'Universal Render Pipeline/Particles/SimpleLit' not found
Shader 'Universal Render Pipeline/Particles/Lit': fallback shader 'Universal Render Pipeline/Particles/SimpleLit' not found
Refreshing native plugins compatible for Editor in 0.48 ms, found 0 plugins.
Preloading 0 native plugins for Editor in 0.00 ms.
Unloading 2319 Unused Serialized files (Serialized files now loaded: 0)
System memory in use before: 109.9 MB.
System memory in use after: 107.8 MB.

Unloading 40 unused Assets to reduce memory usage. Loaded Objects now: 2815.
Total: 3.720900 ms (FindLiveObjects: 0.311100 ms CreateObjectMapping: 0.065600 ms MarkObjects: 1.740300 ms  DeleteObjects: 1.603100 ms)

========================================================================
Received Import Request.
  Time since last request: 72.036025 seconds.
  path: Assets/Scripts/Core/Inventory/Interfaces/InventoryInterfaces.asmdef
  artifactKey: Guid(5bd06e122cb36b04fa2b2fff7fd640b6) Importer(815301076,1909f56bfc062723c751e8b465ee728b)
Start importing Assets/Scripts/Core/Inventory/Interfaces/InventoryInterfaces.asmdef using Guid(5bd06e122cb36b04fa2b2fff7fd640b6) Importer(815301076,1909f56bfc062723c751e8b465ee728b)  -> (artifact id: '45477ae7dd147f6e4cff4019d0c2d9c1') in 0.005805 seconds
  Import took 0.010104 seconds .

========================================================================
Received Prepare
Registering precompiled user dll's ...
Registered in 0.000883 seconds.
Begin MonoManager ReloadAssembly
Native extension for WindowsStandalone target not found
Refreshing native plugins compatible for Editor in 0.52 ms, found 0 plugins.
Preloading 0 native plugins for Editor in 0.00 ms.
Invoked RoslynAnalysisRunner static constructor.
RoslynAnalysisRunner will not be running.
RoslynAnalysisRunner has terminated.
Mono: successfully reloaded assembly
- Completed reload, in  0.672 seconds
Platform modules already initialized, skipping
Shader 'Universal Render Pipeline/Particles/Lit': fallback shader 'Universal Render Pipeline/Particles/SimpleLit' not found
Shader 'Universal Render Pipeline/Particles/Lit': fallback shader 'Universal Render Pipeline/Particles/SimpleLit' not found
Refreshing native plugins compatible for Editor in 0.47 ms, found 0 plugins.
Preloading 0 native plugins for Editor in 0.00 ms.
Unloading 2319 Unused Serialized files (Serialized files now loaded: 0)
System memory in use before: 109.9 MB.
System memory in use after: 107.8 MB.

Unloading 40 unused Assets to reduce memory usage. Loaded Objects now: 2817.
Total: 3.333600 ms (FindLiveObjects: 0.296300 ms CreateObjectMapping: 0.058100 ms MarkObjects: 1.561500 ms  DeleteObjects: 1.416700 ms)

========================================================================
Received Import Request.
  Time since last request: 121.642038 seconds.
  path: Assets/Scripts/Core/Inventory/Interfaces/IItemContainer.cs
  artifactKey: Guid(75e9bde3cb091184c8465fcbf0668b25) Importer(815301076,1909f56bfc062723c751e8b465ee728b)
Start importing Assets/Scripts/Core/Inventory/Interfaces/IItemContainer.cs using Guid(75e9bde3cb091184c8465fcbf0668b25) Importer(815301076,1909f56bfc062723c751e8b465ee728b)  -> (artifact id: '616dba36017715f2c189768e01c318ec') in 0.012901 seconds
  Import took 0.017476 seconds .

========================================================================
Received Prepare
Registering precompiled user dll's ...
Registered in 0.001194 seconds.
Begin MonoManager ReloadAssembly
Native extension for WindowsStandalone target not found
Refreshing native plugins compatible for Editor in 0.48 ms, found 0 plugins.
Preloading 0 native plugins for Editor in 0.00 ms.
Invoked RoslynAnalysisRunner static constructor.
RoslynAnalysisRunner will not be running.
RoslynAnalysisRunner has terminated.
Mono: successfully reloaded assembly
- Completed reload, in  0.677 seconds
Platform modules already initialized, skipping
Shader 'Universal Render Pipeline/Particles/Lit': fallback shader 'Universal Render Pipeline/Particles/SimpleLit' not found
Shader 'Universal Render Pipeline/Particles/Lit': fallback shader 'Universal Render Pipeline/Particles/SimpleLit' not found
Refreshing native plugins compatible for Editor in 0.47 ms, found 0 plugins.
Preloading 0 native plugins for Editor in 0.00 ms.
Unloading 2321 Unused Serialized files (Serialized files now loaded: 0)
System memory in use before: 109.9 MB.
System memory in use after: 107.9 MB.

Unloading 40 unused Assets to reduce memory usage. Loaded Objects now: 2821.
Total: 3.217500 ms (FindLiveObjects: 0.271200 ms CreateObjectMapping: 0.055100 ms MarkObjects: 1.530800 ms  DeleteObjects: 1.359500 ms)

========================================================================
Received Import Request.
  Time since last request: 582.760576 seconds.
  path: Assets/Scripts/Core/Inventory/Interfaces/IItemContainer.cs
  artifactKey: Guid(75e9bde3cb091184c8465fcbf0668b25) Importer(815301076,1909f56bfc062723c751e8b465ee728b)
Start importing Assets/Scripts/Core/Inventory/Interfaces/IItemContainer.cs using Guid(75e9bde3cb091184c8465fcbf0668b25) Importer(815301076,1909f56bfc062723c751e8b465ee728b)  -> (artifact id: '2a6c7658f4bfad7222e9164d816439a2') in 0.005225 seconds
  Import took 0.010030 seconds .

========================================================================
Received Import Request.
  Time since last request: 0.110066 seconds.
  path: Assets/Tests/Tests.asmdef
  artifactKey: Guid(7764dad2f8fac5f478ec47a388f0f68c) Importer(815301076,1909f56bfc062723c751e8b465ee728b)
Start importing Assets/Tests/Tests.asmdef using Guid(7764dad2f8fac5f478ec47a388f0f68c) Importer(815301076,1909f56bfc062723c751e8b465ee728b)  -> (artifact id: '7d0178c440adca3c1906d2f0222aac52') in 0.005371 seconds
  Import took 0.009254 seconds .

========================================================================
Received Import Request.
  Time since last request: 0.021543 seconds.
  path: Assets/Tests/Tests.asmdef
  artifactKey: Guid(7764dad2f8fac5f478ec47a388f0f68c) Importer(815301076,1909f56bfc062723c751e8b465ee728b)
Start importing Assets/Tests/Tests.asmdef using Guid(7764dad2f8fac5f478ec47a388f0f68c) Importer(815301076,1909f56bfc062723c751e8b465ee728b)  -> (artifact id: '7d0178c440adca3c1906d2f0222aac52') in 0.001945 seconds
  Import took 0.005484 seconds .

========================================================================
Received Import Request.
  Time since last request: 11.544778 seconds.
  path: Assets/Tests/Tests.asmdef
  artifactKey: Guid(7764dad2f8fac5f478ec47a388f0f68c) Importer(815301076,1909f56bfc062723c751e8b465ee728b)
Start importing Assets/Tests/Tests.asmdef using Guid(7764dad2f8fac5f478ec47a388f0f68c) Importer(815301076,1909f56bfc062723c751e8b465ee728b)  -> (artifact id: 'e0d53d51a93e9f02c09813e343319ef1') in 0.002112 seconds
  Import took 0.006600 seconds .

========================================================================
Received Prepare
Registering precompiled user dll's ...
Registered in 0.000936 seconds.
Begin MonoManager ReloadAssembly
Native extension for WindowsStandalone target not found
Refreshing native plugins compatible for Editor in 0.51 ms, found 0 plugins.
Preloading 0 native plugins for Editor in 0.00 ms.
Invoked RoslynAnalysisRunner static constructor.
RoslynAnalysisRunner will not be running.
RoslynAnalysisRunner has terminated.
Mono: successfully reloaded assembly
- Completed reload, in  0.687 seconds
Platform modules already initialized, skipping
Shader 'Universal Render Pipeline/Particles/Lit': fallback shader 'Universal Render Pipeline/Particles/SimpleLit' not found
Shader 'Universal Render Pipeline/Particles/Lit': fallback shader 'Universal Render Pipeline/Particles/SimpleLit' not found
Refreshing native plugins compatible for Editor in 0.49 ms, found 0 plugins.
Preloading 0 native plugins for Editor in 0.00 ms.
Unloading 2321 Unused Serialized files (Serialized files now loaded: 0)
System memory in use before: 109.8 MB.
System memory in use after: 107.8 MB.

Unloading 40 unused Assets to reduce memory usage. Loaded Objects now: 2823.
Total: 3.610100 ms (FindLiveObjects: 0.338500 ms CreateObjectMapping: 0.078800 ms MarkObjects: 1.813200 ms  DeleteObjects: 1.378000 ms)

========================================================================
Received Prepare
Registering precompiled user dll's ...
Registered in 0.000931 seconds.
Begin MonoManager ReloadAssembly
Native extension for WindowsStandalone target not found
Refreshing native plugins compatible for Editor in 0.47 ms, found 0 plugins.
Preloading 0 native plugins for Editor in 0.00 ms.
Invoked RoslynAnalysisRunner static constructor.
RoslynAnalysisRunner will not be running.
RoslynAnalysisRunner has terminated.
Mono: successfully reloaded assembly
- Completed reload, in  0.674 seconds
Platform modules already initialized, skipping
Shader 'Universal Render Pipeline/Particles/Lit': fallback shader 'Universal Render Pipeline/Particles/SimpleLit' not found
Shader 'Universal Render Pipeline/Particles/Lit': fallback shader 'Universal Render Pipeline/Particles/SimpleLit' not found
Refreshing native plugins compatible for Editor in 0.47 ms, found 0 plugins.
Preloading 0 native plugins for Editor in 0.00 ms.
Unloading 2321 Unused Serialized files (Serialized files now loaded: 0)
System memory in use before: 110.0 MB.
System memory in use after: 107.9 MB.

Unloading 40 unused Assets to reduce memory usage. Loaded Objects now: 2825.
Total: 3.315000 ms (FindLiveObjects: 0.303000 ms CreateObjectMapping: 0.056300 ms MarkObjects: 1.557900 ms  DeleteObjects: 1.396800 ms)

========================================================================
Received Prepare
Registering precompiled user dll's ...
Registered in 0.001061 seconds.
Begin MonoManager ReloadAssembly
Native extension for WindowsStandalone target not found
Refreshing native plugins compatible for Editor in 0.50 ms, found 0 plugins.
Preloading 0 native plugins for Editor in 0.00 ms.
Invoked RoslynAnalysisRunner static constructor.
RoslynAnalysisRunner will not be running.
RoslynAnalysisRunner has terminated.
Mono: successfully reloaded assembly
- Completed reload, in  0.687 seconds
Platform modules already initialized, skipping
Shader 'Universal Render Pipeline/Particles/Lit': fallback shader 'Universal Render Pipeline/Particles/SimpleLit' not found
Shader 'Universal Render Pipeline/Particles/Lit': fallback shader 'Universal Render Pipeline/Particles/SimpleLit' not found
Refreshing native plugins compatible for Editor in 0.53 ms, found 0 plugins.
Preloading 0 native plugins for Editor in 0.00 ms.
Unloading 2321 Unused Serialized files (Serialized files now loaded: 0)
System memory in use before: 109.9 MB.
System memory in use after: 107.9 MB.

Unloading 40 unused Assets to reduce memory usage. Loaded Objects now: 2827.
Total: 3.473000 ms (FindLiveObjects: 0.287900 ms CreateObjectMapping: 0.056900 ms MarkObjects: 1.577100 ms  DeleteObjects: 1.549900 ms)

========================================================================
Received Prepare
Registering precompiled user dll's ...
Registered in 0.000969 seconds.
Begin MonoManager ReloadAssembly
Native extension for WindowsStandalone target not found
Refreshing native plugins compatible for Editor in 0.52 ms, found 0 plugins.
Preloading 0 native plugins for Editor in 0.00 ms.
Invoked RoslynAnalysisRunner static constructor.
RoslynAnalysisRunner will not be running.
RoslynAnalysisRunner has terminated.
Mono: successfully reloaded assembly
- Completed reload, in  0.689 seconds
Platform modules already initialized, skipping
Shader 'Universal Render Pipeline/Particles/Lit': fallback shader 'Universal Render Pipeline/Particles/SimpleLit' not found
Shader 'Universal Render Pipeline/Particles/Lit': fallback shader 'Universal Render Pipeline/Particles/SimpleLit' not found
Refreshing native plugins compatible for Editor in 0.48 ms, found 0 plugins.
Preloading 0 native plugins for Editor in 0.00 ms.
Unloading 2321 Unused Serialized files (Serialized files now loaded: 0)
System memory in use before: 110.0 MB.
System memory in use after: 107.9 MB.

Unloading 40 unused Assets to reduce memory usage. Loaded Objects now: 2829.
Total: 3.596200 ms (FindLiveObjects: 0.310400 ms CreateObjectMapping: 0.057100 ms MarkObjects: 1.849100 ms  DeleteObjects: 1.378400 ms)

